Bytes: 1024
629615600000000

Events were actively counted for 184135294 nanoseconds.
Event counts (actual) for /home/casi/cache-seminar-paper/a.out:
	Event                    Count                    % time counted
	CPU_CLK_UNHALTED         302,319,442              100.00

Events were actively counted for 1322561 nanoseconds.
Event counts (actual) for /home/casi/cache-seminar-paper/a.out:
	Event                    Count                    % time counted
	CPU_CLK_UNHALTED         1,130,101                100.00
Bytes: 2048
629666800000000

Events were actively counted for 184092127 nanoseconds.
Event counts (actual) for /home/casi/cache-seminar-paper/a.out:
	Event                    Count                    % time counted
	CPU_CLK_UNHALTED         302,211,345              100.00

Events were actively counted for 1310335 nanoseconds.
Event counts (actual) for /home/casi/cache-seminar-paper/a.out:
	Event                    Count                    % time counted
	CPU_CLK_UNHALTED         1,123,980                100.00
Bytes: 4096
629769199737856

Events were actively counted for 184119392 nanoseconds.
Event counts (actual) for /home/casi/cache-seminar-paper/a.out:
	Event                    Count                    % time counted
	CPU_CLK_UNHALTED         302,317,015              100.00

Events were actively counted for 1331730 nanoseconds.
Event counts (actual) for /home/casi/cache-seminar-paper/a.out:
	Event                    Count                    % time counted
	CPU_CLK_UNHALTED         1,153,127                100.00
Bytes: 8192
629973999213568

Events were actively counted for 184197139 nanoseconds.
Event counts (actual) for /home/casi/cache-seminar-paper/a.out:
	Event                    Count                    % time counted
	CPU_CLK_UNHALTED         302,457,618              100.00

Events were actively counted for 1359474 nanoseconds.
Event counts (actual) for /home/casi/cache-seminar-paper/a.out:
	Event                    Count                    % time counted
	CPU_CLK_UNHALTED         1,151,529                100.00
Bytes: 16384
630383598164992

Events were actively counted for 184165990 nanoseconds.
Event counts (actual) for /home/casi/cache-seminar-paper/a.out:
	Event                    Count                    % time counted
	CPU_CLK_UNHALTED         302,380,259              100.00

Events were actively counted for 1311668 nanoseconds.
Event counts (actual) for /home/casi/cache-seminar-paper/a.out:
	Event                    Count                    % time counted
	CPU_CLK_UNHALTED         1,154,778                100.00
Bytes: 32768
631202796067840

Events were actively counted for 186908134 nanoseconds.
Event counts (actual) for /home/casi/cache-seminar-paper/a.out:
	Event                    Count                    % time counted
	CPU_CLK_UNHALTED         306,874,401              100.00

Events were actively counted for 1359383 nanoseconds.
Event counts (actual) for /home/casi/cache-seminar-paper/a.out:
	Event                    Count                    % time counted
	CPU_CLK_UNHALTED         1,197,475                100.00
Bytes: 65536
632841191873536

Events were actively counted for 243790608 nanoseconds.
Event counts (actual) for /home/casi/cache-seminar-paper/a.out:
	Event                    Count                    % time counted
	CPU_CLK_UNHALTED         400,512,302              100.00

Events were actively counted for 1394200 nanoseconds.
Event counts (actual) for /home/casi/cache-seminar-paper/a.out:
	Event                    Count                    % time counted
	CPU_CLK_UNHALTED         1,282,382                100.00
Bytes: 131072
636117731826688

Events were actively counted for 228761215 nanoseconds.
Event counts (actual) for /home/casi/cache-seminar-paper/a.out:
	Event                    Count                    % time counted
	CPU_CLK_UNHALTED         375,554,155              100.00

Events were actively counted for 1456939 nanoseconds.
Event counts (actual) for /home/casi/cache-seminar-paper/a.out:
	Event                    Count                    % time counted
	CPU_CLK_UNHALTED         1,394,588                100.00
Bytes: 262144
642670811732992

Events were actively counted for 240332731 nanoseconds.
Event counts (actual) for /home/casi/cache-seminar-paper/a.out:
	Event                    Count                    % time counted
	CPU_CLK_UNHALTED         394,850,218              100.00

Events were actively counted for 1814831 nanoseconds.
Event counts (actual) for /home/casi/cache-seminar-paper/a.out:
	Event                    Count                    % time counted
	CPU_CLK_UNHALTED         1,905,300                100.00
Bytes: 524288
655776971545600

Events were actively counted for 303803629 nanoseconds.
Event counts (actual) for /home/casi/cache-seminar-paper/a.out:
	Event                    Count                    % time counted
	CPU_CLK_UNHALTED         499,335,585              100.00

Events were actively counted for 2096993 nanoseconds.
Event counts (actual) for /home/casi/cache-seminar-paper/a.out:
	Event                    Count                    % time counted
	CPU_CLK_UNHALTED         2,349,583                100.00
Bytes: 1048576
681989291170816

Events were actively counted for 387277354 nanoseconds.
Event counts (actual) for /home/casi/cache-seminar-paper/a.out:
	Event                    Count                    % time counted
	CPU_CLK_UNHALTED         636,800,208              100.00

Events were actively counted for 2860934 nanoseconds.
Event counts (actual) for /home/casi/cache-seminar-paper/a.out:
	Event                    Count                    % time counted
	CPU_CLK_UNHALTED         3,630,439                100.00
Bytes: 2097152
734353532443648

Events were actively counted for 386522064 nanoseconds.
Event counts (actual) for /home/casi/cache-seminar-paper/a.out:
	Event                    Count                    % time counted
	CPU_CLK_UNHALTED         635,528,285              100.00

Events were actively counted for 4496801 nanoseconds.
Event counts (actual) for /home/casi/cache-seminar-paper/a.out:
	Event                    Count                    % time counted
	CPU_CLK_UNHALTED         6,328,962                100.00
Bytes: 4194304
839065371991040

Events were actively counted for 387564230 nanoseconds.
Event counts (actual) for /home/casi/cache-seminar-paper/a.out:
	Event                    Count                    % time counted
	CPU_CLK_UNHALTED         637,282,398              100.00

Events were actively counted for 7273217 nanoseconds.
Event counts (actual) for /home/casi/cache-seminar-paper/a.out:
	Event                    Count                    % time counted
	CPU_CLK_UNHALTED         10,920,093               100.00
Bytes: 8388608
1047972581268480

Events were actively counted for 392736303 nanoseconds.
Event counts (actual) for /home/casi/cache-seminar-paper/a.out:
	Event                    Count                    % time counted
	CPU_CLK_UNHALTED         645,734,737              100.00

Events were actively counted for 12585028 nanoseconds.
Event counts (actual) for /home/casi/cache-seminar-paper/a.out:
	Event                    Count                    % time counted
	CPU_CLK_UNHALTED         19,638,714               100.00
Bytes: 16777216
1464620916202496

Events were actively counted for 400234644 nanoseconds.
Event counts (actual) for /home/casi/cache-seminar-paper/a.out:
	Event                    Count                    % time counted
	CPU_CLK_UNHALTED         657,850,131              100.00

Events were actively counted for 22562927 nanoseconds.
Event counts (actual) for /home/casi/cache-seminar-paper/a.out:
	Event                    Count                    % time counted
	CPU_CLK_UNHALTED         36,105,602               100.00
Bytes: 33554432
2297917586070528

Events were actively counted for 420438158 nanoseconds.
Event counts (actual) for /home/casi/cache-seminar-paper/a.out:
	Event                    Count                    % time counted
	CPU_CLK_UNHALTED         691,246,505              100.00

Events were actively counted for 43362864 nanoseconds.
Event counts (actual) for /home/casi/cache-seminar-paper/a.out:
	Event                    Count                    % time counted
	CPU_CLK_UNHALTED         70,265,693               100.00
Bytes: 67108864
3964510925806592

Events were actively counted for 463298563 nanoseconds.
Event counts (actual) for /home/casi/cache-seminar-paper/a.out:
	Event                    Count                    % time counted
	CPU_CLK_UNHALTED         761,786,128              100.00

Events were actively counted for 84548571 nanoseconds.
Event counts (actual) for /home/casi/cache-seminar-paper/a.out:
	Event                    Count                    % time counted
	CPU_CLK_UNHALTED         138,158,889              100.00
Bytes: 134217728
7297697605278720

Events were actively counted for 545540903 nanoseconds.
Event counts (actual) for /home/casi/cache-seminar-paper/a.out:
	Event                    Count                    % time counted
	CPU_CLK_UNHALTED         897,339,491              100.00

Events were actively counted for 167078427 nanoseconds.
Event counts (actual) for /home/casi/cache-seminar-paper/a.out:
	Event                    Count                    % time counted
	CPU_CLK_UNHALTED         274,037,022              100.00
